{"sessionId":"d38425","timestamp":1772392742564,"location":"MainWindow.RenderQuestions","message":"Questions filtered","data":{"procedureType":"Electrical","questionIds":["HasHighVoltage","UsesTransformer","UsesInverter"]}}
{"sessionId":"d38425","timestamp":1772392742575,"location":"MainWindow.RebuildDocument","message":"Blocks resolved","data":{"procedureType":"Electrical","answers":{},"blockIds":["elec-000","elec-loto","elec-004"]}}
{"sessionId":"d38425","timestamp":1772392749179,"location":"MainWindow.RebuildDocument","message":"Blocks resolved","data":{"procedureType":"Electrical","answers":{"HasHighVoltage":true},"blockIds":["elec-000","elec-loto","elec-001","elec-004"]}}
{"sessionId":"d38425","timestamp":1772392751292,"location":"MainWindow.RebuildDocument","message":"Blocks resolved","data":{"procedureType":"Electrical","answers":{"HasHighVoltage":false},"blockIds":["elec-000","elec-loto","elec-004"]}}
{"sessionId":"d38425","timestamp":1772392752143,"location":"MainWindow.RebuildDocument","message":"Blocks resolved","data":{"procedureType":"Electrical","answers":{"HasHighVoltage":true},"blockIds":["elec-000","elec-loto","elec-001","elec-004"]}}
{"sessionId":"d38425","timestamp":1772392754069,"location":"MainWindow.RebuildDocument","message":"Blocks resolved","data":{"procedureType":"Electrical","answers":{"HasHighVoltage":true,"UsesTransformer":true},"blockIds":["elec-000","elec-loto","elec-001","elec-002","elec-003","elec-004"]}}
{"sessionId":"d38425","timestamp":1772392755915,"location":"MainWindow.RebuildDocument","message":"Blocks resolved","data":{"procedureType":"Electrical","answers":{"HasHighVoltage":true,"UsesTransformer":false},"blockIds":["elec-000","elec-loto","elec-001","elec-004"]}}
{"sessionId":"d38425","timestamp":1772392756630,"location":"MainWindow.RebuildDocument","message":"Blocks resolved","data":{"procedureType":"Electrical","answers":{"HasHighVoltage":true,"UsesTransformer":true},"blockIds":["elec-000","elec-loto","elec-001","elec-002","elec-003","elec-004"]}}
{"sessionId":"d38425","timestamp":1772392757238,"location":"MainWindow.RebuildDocument","message":"Blocks resolved","data":{"procedureType":"Electrical","answers":{"HasHighVoltage":true,"UsesTransformer":true,"UsesInverter":true},"blockIds":["elec-000","elec-loto","elec-001","elec-002","elec-003","elec-004"]}}
{"sessionId":"d38425","timestamp":1772392758330,"location":"MainWindow.RebuildDocument","message":"Blocks resolved","data":{"procedureType":"Electrical","answers":{"HasHighVoltage":true,"UsesTransformer":true,"UsesInverter":false},"blockIds":["elec-000","elec-loto","elec-001","elec-002","elec-003","elec-004"]}}
{"sessionId":"d38425","timestamp":1772392759786,"location":"MainWindow.RebuildDocument","message":"Blocks resolved","data":{"procedureType":"Electrical","answers":{"HasHighVoltage":true,"UsesTransformer":true,"UsesInverter":true},"blockIds":["elec-000","elec-loto","elec-001","elec-002","elec-003","elec-004"]}}
{"sessionId":"d38425","timestamp":1772392761045,"location":"MainWindow.RebuildDocument","message":"Blocks resolved","data":{"procedureType":"Electrical","answers":{"HasHighVoltage":true,"UsesTransformer":false,"UsesInverter":true},"blockIds":["elec-000","elec-loto","elec-001","elec-002","elec-004"]}}
{"sessionId":"d38425","timestamp":1772392761843,"location":"MainWindow.RebuildDocument","message":"Blocks resolved","data":{"procedureType":"Electrical","answers":{"HasHighVoltage":false,"UsesTransformer":false,"UsesInverter":true},"blockIds":["elec-000","elec-loto","elec-002","elec-004"]}}
{"sessionId":"d38425","timestamp":1772392762902,"location":"MainWindow.RebuildDocument","message":"Blocks resolved","data":{"procedureType":"Electrical","answers":{"HasHighVoltage":false,"UsesTransformer":false,"UsesInverter":false},"blockIds":["elec-000","elec-loto","elec-004"]}}
{"sessionId":"d38425","timestamp":1772392763457,"location":"MainWindow.RebuildDocument","message":"Blocks resolved","data":{"procedureType":"Electrical","answers":{"HasHighVoltage":false,"UsesTransformer":false,"UsesInverter":true},"blockIds":["elec-000","elec-loto","elec-002","elec-004"]}}
{"sessionId":"d38425","timestamp":1772392765278,"location":"MainWindow.RebuildDocument","message":"Blocks resolved","data":{"procedureType":"Electrical","answers":{"HasHighVoltage":false,"UsesTransformer":true,"UsesInverter":true},"blockIds":["elec-000","elec-loto","elec-002","elec-003","elec-004"]}}
{"sessionId":"d38425","timestamp":1772392766747,"location":"MainWindow.RebuildDocument","message":"Blocks resolved","data":{"procedureType":"Electrical","answers":{"HasHighVoltage":true,"UsesTransformer":true,"UsesInverter":true},"blockIds":["elec-000","elec-loto","elec-001","elec-002","elec-003","elec-004"]}}
{"sessionId":"d38425","timestamp":1772392769921,"location":"MainWindow.RenderQuestions","message":"Questions filtered","data":{"procedureType":"Hydraulic","questionIds":["InvolvesHighPressure"]}}
{"sessionId":"d38425","timestamp":1772392769922,"location":"MainWindow.RebuildDocument","message":"Blocks resolved","data":{"procedureType":"Hydraulic","answers":{},"blockIds":["hyd-000","hyd-001","hyd-002","hyd-003"]}}
{"sessionId":"d38425","timestamp":1772392771153,"location":"MainWindow.RebuildDocument","message":"Blocks resolved","data":{"procedureType":"Hydraulic","answers":{"InvolvesHighPressure":true},"blockIds":["hyd-000","hyd-001","hyd-002","hyd-003","hyd-004"]}}
{"sessionId":"d38425","timestamp":1772392772586,"location":"MainWindow.RebuildDocument","message":"Blocks resolved","data":{"procedureType":"Hydraulic","answers":{"InvolvesHighPressure":false},"blockIds":["hyd-000","hyd-001","hyd-002","hyd-003"]}}
{"sessionId":"d38425","timestamp":1772392773312,"location":"MainWindow.RebuildDocument","message":"Blocks resolved","data":{"procedureType":"Hydraulic","answers":{"InvolvesHighPressure":true},"blockIds":["hyd-000","hyd-001","hyd-002","hyd-003","hyd-004"]}}
{"sessionId":"d38425","timestamp":1772392777874,"location":"MainWindow.RenderQuestions","message":"Questions filtered","data":{"procedureType":"Mechanical","questionIds":["InvolvesRotatingEquipment"]}}
{"sessionId":"d38425","timestamp":1772392777875,"location":"MainWindow.RebuildDocument","message":"Blocks resolved","data":{"procedureType":"Mechanical","answers":{},"blockIds":["mech-000","mech-001","mech-002","mech-003"]}}
{"sessionId":"d38425","timestamp":1772392779480,"location":"MainWindow.RebuildDocument","message":"Blocks resolved","data":{"procedureType":"Mechanical","answers":{"InvolvesRotatingEquipment":true},"blockIds":["mech-000","mech-001","mech-002","mech-003","mech-004"]}}
{"sessionId":"d38425","timestamp":1772392780341,"location":"MainWindow.RebuildDocument","message":"Blocks resolved","data":{"procedureType":"Mechanical","answers":{"InvolvesRotatingEquipment":false},"blockIds":["mech-000","mech-001","mech-002","mech-003"]}}
{"sessionId":"d38425","timestamp":1772393376817,"location":"MainWindow.RenderQuestions","message":"Questions filtered","data":{"procedureType":"Electrical","questionIds":["HasHighVoltage","UsesTransformer","UsesInverter"]}}
{"sessionId":"d38425","timestamp":1772393376818,"location":"MainWindow.RebuildDocument","message":"Blocks resolved","data":{"procedureType":"Electrical","answers":{},"blockIds":["elec-000","elec-loto","elec-004"]}}
